<?xml version="1.0" encoding="UTF-8"?>
<!-- Generated by org.testng.reporters.JUnitXMLReporter -->
<testsuite hostname="DELL" ignored="1" name="Test" tests="2" failures="0" timestamp="10 Jan 2021 16:39:24 GMT" time="109.49" errors="0">
  <testcase name="testLogin_Logout" time="35.109" classname="scripts.TC02"/>
  <testcase name="testLogin_Logout" time="33.877" classname="scripts.TC03"/>
  <testcase name="@BeforeTest report" time="0.0" classname="config.StartBrowser">
    <ignored/>
  </testcase> <!-- @BeforeTest report -->
</testsuite> <!-- Test -->
