<?xml version="1.0" encoding="UTF-8"?>
<testng-results skipped="0" failed="0" ignored="1" total="3" passed="2">
  <reporter-output>
  </reporter-output>
  <suite name="Suite" duration-ms="109490" started-at="2021-01-10T16:37:34Z" finished-at="2021-01-10T16:39:24Z">
    <groups>
    </groups>
    <test name="Test" duration-ms="109490" started-at="2021-01-10T16:37:34Z" finished-at="2021-01-10T16:39:24Z">
      <class name="scripts.TC02">
        <test-method status="PASS" signature="report()[pri:0, instance:scripts.TC02@4dfa3a9d]" name="report" is-config="true" duration-ms="968" started-at="2021-01-10T16:37:34Z" finished-at="2021-01-10T16:37:35Z">
          <reporter-output>
          </reporter-output>
        </test-method> <!-- report -->
        <test-method status="PASS" signature="beforeClass()[pri:0, instance:scripts.TC02@4dfa3a9d]" name="beforeClass" is-config="true" duration-ms="31150" started-at="2021-01-10T16:37:35Z" finished-at="2021-01-10T16:38:06Z">
          <reporter-output>
          </reporter-output>
        </test-method> <!-- beforeClass -->
        <test-method status="PASS" signature="method(java.lang.reflect.Method)[pri:0, instance:scripts.TC02@4dfa3a9d]" name="method" is-config="true" duration-ms="74" started-at="2021-01-10T16:38:06Z" finished-at="2021-01-10T16:38:07Z">
          <params>
            <param index="0">
              <value>
                <![CDATA[public void scripts.TC02.testLogin_Logout() throws java.lang.Exception]]>
              </value>
            </param>
          </params>
          <reporter-output>
          </reporter-output>
        </test-method> <!-- method -->
        <test-method status="PASS" signature="testLogin_Logout()[pri:0, instance:scripts.TC02@4dfa3a9d]" name="testLogin_Logout" duration-ms="35109" started-at="2021-01-10T16:38:07Z" finished-at="2021-01-10T16:38:42Z">
          <reporter-output>
          </reporter-output>
        </test-method> <!-- testLogin_Logout -->
        <test-method status="PASS" signature="afterClass()[pri:0, instance:scripts.TC02@4dfa3a9d]" name="afterClass" is-config="true" duration-ms="2925" started-at="2021-01-10T16:38:42Z" finished-at="2021-01-10T16:38:45Z">
          <reporter-output>
          </reporter-output>
        </test-method> <!-- afterClass -->
      </class> <!-- scripts.TC02 -->
      <class name="scripts.TC03">
        <test-method status="PASS" signature="beforeClass()[pri:0, instance:scripts.TC03@6eebc39e]" name="beforeClass" is-config="true" duration-ms="4237" started-at="2021-01-10T16:38:45Z" finished-at="2021-01-10T16:38:49Z">
          <reporter-output>
          </reporter-output>
        </test-method> <!-- beforeClass -->
        <test-method status="PASS" signature="method(java.lang.reflect.Method)[pri:0, instance:scripts.TC03@6eebc39e]" name="method" is-config="true" duration-ms="1" started-at="2021-01-10T16:38:49Z" finished-at="2021-01-10T16:38:49Z">
          <params>
            <param index="0">
              <value>
                <![CDATA[public void scripts.TC03.testLogin_Logout() throws java.lang.Exception]]>
              </value>
            </param>
          </params>
          <reporter-output>
          </reporter-output>
        </test-method> <!-- method -->
        <test-method status="PASS" signature="testLogin_Logout()[pri:0, instance:scripts.TC03@6eebc39e]" name="testLogin_Logout" duration-ms="33877" started-at="2021-01-10T16:38:49Z" finished-at="2021-01-10T16:39:23Z">
          <reporter-output>
          </reporter-output>
        </test-method> <!-- testLogin_Logout -->
        <test-method status="PASS" signature="afterClass()[pri:0, instance:scripts.TC03@6eebc39e]" name="afterClass" is-config="true" duration-ms="1010" started-at="2021-01-10T16:39:23Z" finished-at="2021-01-10T16:39:24Z">
          <reporter-output>
          </reporter-output>
        </test-method> <!-- afterClass -->
      </class> <!-- scripts.TC03 -->
    </test> <!-- Test -->
  </suite> <!-- Suite -->
</testng-results>
